<?xml version="1.0" encoding="UTF-8"?>
<!-- Generated by org.testng.reporters.JUnitReportReporter -->
<testsuite skipped="0" hostname="AZU-DESK-019" name="fusepackage.FuseEditSprint" tests="24" failures="0" timestamp="29 Jun 2017 08:03:38 GMT" time="1387.780" errors="1">
  <testcase name="producteditsourcing" time="419.679" classname="fusepackage.FuseEditSprint"/>
  <testcase name="parteditadditionalinfo" time="5.189" classname="fusepackage.FuseEditSprint"/>
  <testcase name="producteditincrementalrevisioncheck" time="18.832" classname="fusepackage.FuseEditSprint"/>
  <testcase name="producteditwhereused" time="3.161" classname="fusepackage.FuseEditSprint"/>
  <testcase name="parteditchangestatus" time="28.343" classname="fusepackage.FuseEditSprint"/>
  <testcase name="parteditattachments" time="60.614" classname="fusepackage.FuseEditSprint"/>
  <testcase name="producteditchangestatus" time="43.775" classname="fusepackage.FuseEditSprint"/>
  <testcase name="parteditsourcing" time="271.672" classname="fusepackage.FuseEditSprint"/>
  <testcase name="producteditadditionalinfo" time="5.158" classname="fusepackage.FuseEditSprint"/>
  <testcase name="parteditwhereused" time="3.208" classname="fusepackage.FuseEditSprint"/>
  <testcase name="editpart" time="9.775" classname="fusepackage.FuseEditSprint"/>
  <testcase name="partseditincrementalrevcheck" time="38.595" classname="fusepackage.FuseEditSprint"/>
  <testcase name="producteditbasicinfo" time="0.102" classname="fusepackage.FuseEditSprint">
    <error type="org.testng.internal.reflect.MethodMatcherException" message="
Data provider mismatch
Method: producteditbasicinfo([Parameter{index=0, type=java.lang.String, declaredAnnotations=[]}, Parameter{index=1, type=java.lang.String, declaredAnnotations=[]}, Parameter{index=2, type=java.lang.String, declaredAnnotations=[]}, Parameter{index=3, type=java.lang.String, declaredAnnotations=[]}, Parameter{index=4, type=java.lang.String, declaredAnnotations=[]}, Parameter{index=5, type=java.lang.String, declaredAnnotations=[]}])
Arguments: [(java.lang.String)u.TestDescription,(java.lang.String)u.Test unit,(java.lang.String)u.Test Type,(java.lang.String)u.Pro Name,(java.lang.String)u.Test Tags]">
      <![CDATA[org.testng.internal.reflect.MethodMatcherException: 
Data provider mismatch
Method: producteditbasicinfo([Parameter{index=0, type=java.lang.String, declaredAnnotations=[]}, Parameter{index=1, type=java.lang.String, declaredAnnotations=[]}, Parameter{index=2, type=java.lang.String, declaredAnnotations=[]}, Parameter{index=3, type=java.lang.String, declaredAnnotations=[]}, Parameter{index=4, type=java.lang.String, declaredAnnotations=[]}, Parameter{index=5, type=java.lang.String, declaredAnnotations=[]}])
Arguments: [(java.lang.String)u.TestDescription,(java.lang.String)u.Test unit,(java.lang.String)u.Test Type,(java.lang.String)u.Pro Name,(java.lang.String)u.Test Tags]
	at org.testng.internal.reflect.DataProviderMethodMatcher.getConformingArguments(DataProviderMethodMatcher.java:52)
	at org.testng.internal.Invoker.injectParameters(Invoker.java:1238)
	at org.testng.internal.Invoker.invokeTestMethods(Invoker.java:1131)
	at org.testng.internal.TestMethodWorker.invokeTestMethods(TestMethodWorker.java:129)
	at org.testng.internal.TestMethodWorker.run(TestMethodWorker.java:112)
	at org.testng.TestRunner.privateRun(TestRunner.java:753)
	at org.testng.TestRunner.run(TestRunner.java:607)
	at org.testng.SuiteRunner.runTest(SuiteRunner.java:368)
	at org.testng.SuiteRunner.runSequentially(SuiteRunner.java:363)
	at org.testng.SuiteRunner.privateRun(SuiteRunner.java:321)
	at org.testng.SuiteRunner.run(SuiteRunner.java:270)
	at org.testng.SuiteRunnerWorker.runSuite(SuiteRunnerWorker.java:52)
	at org.testng.SuiteRunnerWorker.run(SuiteRunnerWorker.java:86)
	at org.testng.TestNG.runSuitesSequentially(TestNG.java:1284)
	at org.testng.TestNG.runSuitesLocally(TestNG.java:1209)
	at org.testng.TestNG.runSuites(TestNG.java:1124)
	at org.testng.TestNG.run(TestNG.java:1096)
	at org.testng.remote.AbstractRemoteTestNG.run(AbstractRemoteTestNG.java:132)
	at org.testng.remote.RemoteTestNG.initAndRun(RemoteTestNG.java:236)
	at org.testng.remote.RemoteTestNG.main(RemoteTestNG.java:81)
]]>
    </error>
  </testcase> <!-- producteditbasicinfo -->
  <testcase name="producteditattachments" time="60.506" classname="fusepackage.FuseEditSprint"/>
  <testcase name="producteditcomments" time="25.804" classname="fusepackage.FuseEditSprint"/>
  <testcase name="partseditbillofmaterial" time="66.229" classname="fusepackage.FuseEditSprint"/>
  <testcase name="editproduct" time="7.699" classname="fusepackage.FuseEditSprint"/>
  <testcase name="parteditincrementalrev" time="13.598" classname="fusepackage.FuseEditSprint"/>
  <testcase name="parteditcomments" time="6.840" classname="fusepackage.FuseEditSprint"/>
  <testcase name="producteditincrementalrevision" time="0.073" classname="fusepackage.FuseEditSprint"/>
  <testcase name="partedittimeline" time="3.208" classname="fusepackage.FuseEditSprint"/>
  <testcase name="productedittimeline" time="3.204" classname="fusepackage.FuseEditSprint"/>
  <testcase name="parteditbasicinfo" time="35.044" classname="fusepackage.FuseEditSprint"/>
  <testcase name="producteditbillofmaterials" time="257.472" classname="fusepackage.FuseEditSprint"/>
</testsuite> <!-- fusepackage.FuseEditSprint -->
